SetupS.ini
SetupS.app
SetupS.ico
SetupS.jpg
SetupS.png
SetupS.cmd
SetupS.bat
SetupS.reg
SetupS.md5
SetupS.7z
SetupS.rar
SetupS.zip
SetupS.cab
ssApp.app
ssApp.ico
ssApp.jpg
ssApp.png
ssApp.cmd
ssApp.bat
ssApp.reg
ssApp.md5
ssApp.7z
ssApp.rar
ssApp.zip
ssApp.cab
ppApp.app
ppApp.ico
ppApp.jpg
ppApp.png
ppApp.cmd
ppApp.bat
ppApp.reg
ppApp.md5
ppApp.7z
ppApp.rar
ppApp.zip
ppApp.cab
ppGame.ppg
ppGame.ico
ppGame.jpg
ppGame.png
ppGame.cmd
ppGame.bat
ppGame.reg
ppGame.md5
ppGame.7z
ppGame.rar
ppGame.zip
ppGame.cab
folder.gif
folder.jpg
Patch.7z
Patch.rar
Patch.zip
Patch.cab
SetupS\
ssApp\
ppApp\
ppGame\
Patch\
ssApp*.jpg
ppApp*.jpg
ppGame*.jpg